<?xml version="1.0" encoding="UTF-8"?>
<!-- Generated by org.testng.reporters.JUnitReportReporter -->
<testsuite skipped="0" hostname="DESKTOP-1C5N846" name="datadriventesting.DataDrivenTest_RegisterUser" tests="2" failures="0" timestamp="2021-10-22T11:06:09 IST" time="4.030" errors="0">
  <testcase name="addNewUser" time="3.494" classname="datadriventesting.DataDrivenTest_RegisterUser"/>
  <system-out/>
  <testcase name="addNewUser" time="0.536" classname="datadriventesting.DataDrivenTest_RegisterUser"/>
  <system-out/>
</testsuite> <!-- datadriventesting.DataDrivenTest_RegisterUser -->
