<?xml version="1.0" encoding="UTF-8"?>
<!-- Generated by org.testng.reporters.JUnitReportReporter -->
<testsuite skipped="0" hostname="DESKTOP-1C5N846" name="TC002_Post_Request" tests="1" failures="0" timestamp="2021-10-18T12:35:23 IST" time="3.615" errors="0">
  <testcase name="createUsers" time="3.615" classname="TC002_Post_Request"/>
  <system-out/>
</testsuite> <!-- TC002_Post_Request -->
