<?xml version="1.0" encoding="UTF-8"?>
<!-- Generated by org.testng.reporters.JUnitReportReporter -->
<testsuite skipped="0" hostname="DESKTOP-1C5N846" name="TC001_Get_Request" tests="1" failures="0" timestamp="2021-10-18T11:30:35 IST" time="3.293" errors="0">
  <testcase name="getSingleUserDetails" time="3.293" classname="TC001_Get_Request"/>
  <system-out/>
</testsuite> <!-- TC001_Get_Request -->
